
=== Tue Nov 22 13:36:06 2022

Packages were changed.
Update Mode: mergeDefaultDependencies

The following packages were added:
  com.unity.collab-proxy@1.15.16
  com.unity.ide.rider@2.0.7
  com.unity.ide.vscode@1.2.5
  com.unity.modules.ai@1.0.0
  com.unity.modules.androidjni@1.0.0
  com.unity.modules.cloth@1.0.0
  com.unity.modules.screencapture@1.0.0
  com.unity.modules.terrain@1.0.0
  com.unity.modules.terrainphysics@1.0.0
  com.unity.modules.uielements@1.0.0
  com.unity.modules.umbra@1.0.0
  com.unity.modules.unityanalytics@1.0.0
  com.unity.modules.vehicles@1.0.0
  com.unity.modules.wind@1.0.0
The following packages were updated:
  com.unity.cinemachine from version 2.6.10 to 2.6.11
  com.unity.ide.visualstudio from version 2.0.11 to 2.0.14
  com.unity.postprocessing from version 3.1.1 to 3.2.2
  com.unity.test-framework from version 1.1.29 to 1.1.31

=== Tue Nov 22 23:21:13 2022

Packages were changed.
Update Mode: updateDependencies

The following packages were updated:
  com.unity.cinemachine from version 2.6.11 to 2.8.9
  com.unity.collab-proxy from version 1.15.16 to 1.17.6
  com.unity.connect.share from version 4.1.1 to 4.2.3
  com.unity.ide.rider from version 2.0.7 to 3.0.16
  com.unity.ide.visualstudio from version 2.0.14 to 2.0.16
  com.unity.learn.iet-framework from version 1.2.3 to 2.2.2
  com.unity.timeline from version 1.4.8 to 1.6.4
